{"level":"error","message":"Unhandled rejection detected: connect ECONNREFUSED 172.19.0.2:5432 on promise {} "}
{"level":"error","message":"ConnectionNotFoundError: Connection \"default\" was not found."}
{"level":"error","message":"ConnectionNotFoundError: Connection \"default\" was not found."}
{"level":"error","message":"ConnectionNotFoundError: Connection \"default\" was not found."}
{"level":"error","message":"ConnectionNotFoundError: Connection \"default\" was not found."}
{"level":"error","message":"ConnectionNotFoundError: Connection \"default\" was not found."}
{"level":"error","message":"ConnectionNotFoundError: Connection \"default\" was not found."}
{"level":"error","message":"ConnectionNotFoundError: Connection \"default\" was not found."}
{"level":"error","message":"ConnectionNotFoundError: Connection \"default\" was not found."}
{"level":"error","message":"ConnectionNotFoundError: Connection \"default\" was not found."}
{"level":"error","message":"ConnectionNotFoundError: Connection \"default\" was not found."}
{"level":"error","message":"ConnectionNotFoundError: Connection \"default\" was not found."}
{"level":"error","message":"ConnectionNotFoundError: Connection \"default\" was not found."}
{"level":"error","message":"ConnectionNotFoundError: Connection \"default\" was not found."}
{"level":"error","message":"ConnectionNotFoundError: Connection \"default\" was not found."}
{"level":"error","message":"No repository for \"User\" was found. Looks like this entity is not registered in current \"default\" connection?"}
{"level":"error","message":"ConnectionNotFoundError: Connection \"default\" was not found."}
{"level":"error","message":"ConnectionNotFoundError: Connection \"default\" was not found."}
{"level":"error","message":"ConnectionNotFoundError: Connection \"default\" was not found."}
{"level":"error","message":"ConnectionNotFoundError: Connection \"default\" was not found."}
{"level":"error","message":"ConnectionNotFoundError: Connection \"default\" was not found."}
{"level":"error","message":"No repository for \"User\" was found. Looks like this entity is not registered in current \"default\" connection?"}
{"level":"error","message":"No repository for \"User\" was found. Looks like this entity is not registered in current \"default\" connection?"}
{"level":"error","message":"No repository for \"User\" was found. Looks like this entity is not registered in current \"default\" connection?"}
{"level":"error","message":"No repository for \"User\" was found. Looks like this entity is not registered in current \"default\" connection?"}
{"level":"error","message":"No repository for \"User\" was found. Looks like this entity is not registered in current \"default\" connection?"}
{"level":"error","message":"ConnectionNotFoundError: Connection \"default\" was not found."}
{"level":"error","message":"ConnectionNotFoundError: Connection \"default\" was not found."}
{"level":"error","message":"ConnectionNotFoundError: Connection \"default\" was not found."}
{"level":"error","message":"ConnectionNotFoundError: Connection \"default\" was not found."}
{"level":"error","message":"ConnectionNotFoundError: Connection \"default\" was not found."}
{"level":"error","message":"ConnectionNotFoundError: Connection \"default\" was not found."}
{"level":"error","message":"ConnectionNotFoundError: Connection \"default\" was not found."}
{"level":"error","message":"ConnectionNotFoundError: Connection \"default\" was not found."}
{"level":"error","message":"ConnectionNotFoundError: Connection \"default\" was not found."}
{"level":"error","message":"ConnectionNotFoundError: Connection \"default\" was not found."}
{"level":"error","message":"ConnectionNotFoundError: Connection \"default\" was not found."}
{"level":"error","message":"ConnectionNotFoundError: Connection \"default\" was not found."}
{"level":"error","message":"ConnectionNotFoundError: Connection \"default\" was not found."}
{"level":"error","message":"ConnectionNotFoundError: Connection \"default\" was not found."}
{"level":"error","message":"ConnectionNotFoundError: Connection \"default\" was not found."}
{"level":"error","message":"ConnectionNotFoundError: Connection \"default\" was not found."}
{"level":"error","message":"Uncaught exception detected: listen EADDRINUSE: address already in use :::4000"}
{"level":"error","message":"ConnectionNotFoundError: Connection \"default\" was not found."}
{"level":"error","message":"ConnectionNotFoundError: Connection \"default\" was not found."}
{"level":"error","message":"ConnectionNotFoundError: Connection \"default\" was not found."}
{"level":"error","message":"ConnectionNotFoundError: Connection \"default\" was not found."}
{"level":"error","message":"ConnectionNotFoundError: Connection \"default\" was not found."}
{"level":"error","message":"ConnectionNotFoundError: Connection \"default\" was not found."}
{"level":"error","message":"ConnectionNotFoundError: Connection \"default\" was not found."}
{"level":"error","message":"ConnectionNotFoundError: Connection \"default\" was not found."}
{"level":"error","message":"ConnectionNotFoundError: Connection \"default\" was not found."}
{"level":"error","message":"ConnectionNotFoundError: Connection \"default\" was not found."}
{"level":"error","message":"ConnectionNotFoundError: Connection \"default\" was not found."}
{"level":"error","message":"Uncaught exception detected: listen EADDRINUSE: address already in use :::4000"}
{"level":"error","message":"ConnectionNotFoundError: Connection \"default\" was not found."}
{"level":"error","message":"Error: connect ECONNREFUSED 127.0.0.1:5432"}
{"level":"error","message":"ConnectionNotFoundError: Connection \"default\" was not found."}
{"level":"error","message":"ConnectionNotFoundError: Connection \"default\" was not found."}
{"level":"error","message":"ConnectionNotFoundError: Connection \"default\" was not found."}
{"level":"error","message":"ConnectionNotFoundError: Connection \"default\" was not found."}
{"level":"error","message":"ConnectionNotFoundError: Connection \"default\" was not found."}
{"level":"error","message":"ConnectionNotFoundError: Connection \"default\" was not found."}
{"level":"error","message":"ConnectionNotFoundError: Connection \"default\" was not found."}
{"level":"error","message":"ConnectionNotFoundError: Connection \"default\" was not found."}
{"level":"error","message":"ConnectionNotFoundError: Connection \"default\" was not found."}
{"level":"error","message":"ConnectionNotFoundError: Connection \"default\" was not found."}
{"level":"error","message":"ConnectionNotFoundError: Connection \"default\" was not found."}
{"level":"error","message":"ConnectionNotFoundError: Connection \"default\" was not found."}
{"level":"error","message":"ConnectionNotFoundError: Connection \"default\" was not found."}
{"level":"error","message":"ConnectionNotFoundError: Connection \"default\" was not found."}
{"level":"error","message":"ConnectionNotFoundError: Connection \"default\" was not found."}
{"level":"error","message":"ConnectionNotFoundError: Connection \"default\" was not found."}
{"level":"error","message":"TypeError: Cannot read property 'isConnected' of undefined"}
{"level":"error","message":"ConnectionNotFoundError: Connection \"default\" was not found."}
{"level":"error","message":"Cannot read property 'createQueryBuilder' of undefined"}
{"level":"error","message":"Cannot read property 'createQueryBuilder' of undefined"}
{"level":"error","message":"ConnectionNotFoundError: Connection \"default\" was not found."}
{"level":"error","message":"ConnectionNotFoundError: Connection \"default\" was not found."}
{"level":"error","message":"ConnectionNotFoundError: Connection \"default\" was not found."}
{"level":"error","message":"ConnectionNotFoundError: Connection \"default\" was not found."}
{"level":"error","message":"ConnectionNotFoundError: Connection \"default\" was not found."}
{"level":"error","message":"invalid input syntax for type uuid: \"1\""}
{"level":"error","message":"ConnectionNotFoundError: Connection \"default\" was not found."}
{"level":"error","message":"ConnectionNotFoundError: Connection \"default\" was not found."}
{"level":"error","message":"ConnectionNotFoundError: Connection \"default\" was not found."}
{"level":"error","message":"ConnectionNotFoundError: Connection \"default\" was not found."}
{"level":"error","message":"ConnectionNotFoundError: Connection \"default\" was not found."}
{"level":"error","message":"ConnectionNotFoundError: Connection \"default\" was not found."}
{"level":"error","message":"ConnectionNotFoundError: Connection \"default\" was not found."}
{"level":"error","message":"ConnectionNotFoundError: Connection \"default\" was not found."}
{"level":"error","message":"ConnectionNotFoundError: Connection \"default\" was not found."}
{"level":"error","message":"ConnectionNotFoundError: Connection \"default\" was not found."}
{"level":"error","message":"ConnectionNotFoundError: Connection \"default\" was not found."}
{"level":"error","message":"ConnectionNotFoundError: Connection \"default\" was not found."}
{"level":"error","message":"ConnectionNotFoundError: Connection \"default\" was not found."}
{"level":"error","message":"Cannot access 'user' before initialization"}
{"level":"error","message":"ConnectionNotFoundError: Connection \"default\" was not found."}
{"level":"error","message":"ConnectionNotFoundError: Connection \"default\" was not found."}
{"level":"error","message":"ConnectionNotFoundError: Connection \"default\" was not found."}
{"level":"error","message":"ConnectionNotFoundError: Connection \"default\" was not found."}
{"level":"error","message":"ConnectionNotFoundError: Connection \"default\" was not found."}
{"level":"error","message":"ConnectionNotFoundError: Connection \"default\" was not found."}
{"level":"error","message":"ConnectionNotFoundError: Connection \"default\" was not found."}
{"level":"error","message":"ConnectionNotFoundError: Connection \"default\" was not found."}
{"level":"error","message":"ConnectionNotFoundError: Connection \"default\" was not found."}
{"level":"error","message":"ConnectionNotFoundError: Connection \"default\" was not found."}
{"level":"error","message":"ConnectionNotFoundError: Connection \"default\" was not found."}
{"level":"error","message":"ConnectionNotFoundError: Connection \"default\" was not found."}
{"level":"error","message":"column \"userIdId\" of relation \"task\" does not exist"}
{"level":"error","message":"column \"userIdId\" of relation \"task\" does not exist"}
{"level":"error","message":"column \"boardIdId\" does not exist"}
{"level":"error","message":"column \"boardIdId\" does not exist"}
{"level":"error","message":"column \"boardIdId\" does not exist"}
{"level":"error","message":"column \"userIdId\" of relation \"task\" does not exist"}
{"level":"error","message":"column \"userIdId\" of relation \"task\" does not exist"}
{"level":"error","message":"column \"userIdId\" of relation \"task\" does not exist"}
{"level":"error","message":"column \"userIdId\" of relation \"task\" does not exist"}
{"level":"error","message":"column \"userIdId\" of relation \"task\" does not exist"}
{"level":"error","message":"column \"boardIdId\" does not exist"}
{"level":"error","message":"column \"userIdId\" of relation \"task\" does not exist"}
{"level":"error","message":"Unhandled rejection detected: column Task.userIdId does not exist on promise {} "}
{"level":"error","message":"ConnectionNotFoundError: Connection \"default\" was not found."}
{"level":"error","message":"column \"userIdId\" of relation \"task\" does not exist"}
{"level":"error","message":"column \"userIdId\" of relation \"task\" does not exist"}
{"level":"error","message":"column \"boardIdId\" does not exist"}
{"level":"error","message":"column \"boardIdId\" does not exist"}
{"level":"error","message":"column \"boardIdId\" does not exist"}
{"level":"error","message":"column \"userIdId\" of relation \"task\" does not exist"}
{"level":"error","message":"column \"userIdId\" of relation \"task\" does not exist"}
{"level":"error","message":"column \"userIdId\" of relation \"task\" does not exist"}
{"level":"error","message":"column \"userIdId\" of relation \"task\" does not exist"}
{"level":"error","message":"column \"userIdId\" of relation \"task\" does not exist"}
{"level":"error","message":"column \"boardIdId\" does not exist"}
{"level":"error","message":"column \"userIdId\" of relation \"task\" does not exist"}
{"level":"error","message":"Unhandled rejection detected: column Task.userIdId does not exist on promise {} "}
{"level":"error","message":"ConnectionNotFoundError: Connection \"default\" was not found."}
{"level":"error","message":"null value in column \"columnsId\" of relation \"task\" violates not-null constraint"}
{"level":"error","message":"null value in column \"columnsId\" of relation \"task\" violates not-null constraint"}
{"level":"error","message":"null value in column \"columnsId\" of relation \"task\" violates not-null constraint"}
{"level":"error","message":"null value in column \"columnsId\" of relation \"task\" violates not-null constraint"}
{"level":"error","message":"null value in column \"columnsId\" of relation \"task\" violates not-null constraint"}
{"level":"error","message":"null value in column \"columnsId\" of relation \"task\" violates not-null constraint"}
{"level":"error","message":"null value in column \"columnsId\" of relation \"task\" violates not-null constraint"}
{"level":"error","message":"null value in column \"columnsId\" of relation \"task\" violates not-null constraint"}
{"level":"error","message":"null value in column \"columnsId\" of relation \"task\" violates not-null constraint"}
{"level":"error","message":"null value in column \"columnsId\" of relation \"task\" violates not-null constraint"}
{"level":"error","message":"invalid input syntax for type uuid: \"undefined\""}
{"level":"error","message":"invalid input syntax for type uuid: \"undefined\""}
{"level":"error","message":"null value in column \"columnsId\" of relation \"task\" violates not-null constraint"}
{"level":"error","message":"null value in column \"columnsId\" of relation \"task\" violates not-null constraint"}
{"level":"error","message":"null value in column \"columnsId\" of relation \"task\" violates not-null constraint"}
{"level":"error","message":"null value in column \"columnsId\" of relation \"task\" violates not-null constraint"}
{"level":"error","message":"null value in column \"columnsId\" of relation \"task\" violates not-null constraint"}
{"level":"error","message":"null value in column \"columnsId\" of relation \"task\" violates not-null constraint"}
{"level":"error","message":"null value in column \"columnsId\" of relation \"task\" violates not-null constraint"}
{"level":"error","message":"null value in column \"columnsId\" of relation \"task\" violates not-null constraint"}
{"level":"error","message":"null value in column \"columnsId\" of relation \"task\" violates not-null constraint"}
{"level":"error","message":"null value in column \"columnsId\" of relation \"task\" violates not-null constraint"}
{"level":"error","message":"invalid input syntax for type uuid: \"undefined\""}
{"level":"error","message":"invalid input syntax for type uuid: \"undefined\""}
{"level":"error","message":"ConnectionNotFoundError: Connection \"default\" was not found."}
{"level":"error","message":"column \"userIdId\" of relation \"task\" does not exist"}
{"level":"error","message":"column \"userIdId\" of relation \"task\" does not exist"}
{"level":"error","message":"column \"boardIdId\" does not exist"}
{"level":"error","message":"column \"boardIdId\" does not exist"}
{"level":"error","message":"column \"boardIdId\" does not exist"}
{"level":"error","message":"column \"userIdId\" of relation \"task\" does not exist"}
{"level":"error","message":"column \"userIdId\" of relation \"task\" does not exist"}
{"level":"error","message":"column \"userIdId\" of relation \"task\" does not exist"}
{"level":"error","message":"column \"userIdId\" of relation \"task\" does not exist"}
{"level":"error","message":"column \"userIdId\" of relation \"task\" does not exist"}
{"level":"error","message":"column \"boardIdId\" does not exist"}
{"level":"error","message":"column \"userIdId\" of relation \"task\" does not exist"}
{"level":"error","message":"Unhandled rejection detected: column Task.userIdId does not exist on promise {} "}
{"level":"error","message":"ConnectionNotFoundError: Connection \"default\" was not found."}
{"level":"error","message":"null value in column \"columnsId\" of relation \"task\" violates not-null constraint"}
{"level":"error","message":"null value in column \"columnsId\" of relation \"task\" violates not-null constraint"}
{"level":"error","message":"null value in column \"columnsId\" of relation \"task\" violates not-null constraint"}
{"level":"error","message":"null value in column \"columnsId\" of relation \"task\" violates not-null constraint"}
{"level":"error","message":"null value in column \"columnsId\" of relation \"task\" violates not-null constraint"}
{"level":"error","message":"null value in column \"columnsId\" of relation \"task\" violates not-null constraint"}
{"level":"error","message":"null value in column \"columnsId\" of relation \"task\" violates not-null constraint"}
{"level":"error","message":"null value in column \"columnsId\" of relation \"task\" violates not-null constraint"}
{"level":"error","message":"null value in column \"columnsId\" of relation \"task\" violates not-null constraint"}
{"level":"error","message":"null value in column \"columnsId\" of relation \"task\" violates not-null constraint"}
{"level":"error","message":"invalid input syntax for type uuid: \"undefined\""}
{"level":"error","message":"invalid input syntax for type uuid: \"undefined\""}
{"level":"error","message":"ConnectionNotFoundError: Connection \"default\" was not found."}
{"level":"error","message":"null value in column \"columnsId\" of relation \"task\" violates not-null constraint"}
{"level":"error","message":"null value in column \"columnsId\" of relation \"task\" violates not-null constraint"}
{"level":"error","message":"null value in column \"columnsId\" of relation \"task\" violates not-null constraint"}
{"level":"error","message":"null value in column \"columnsId\" of relation \"task\" violates not-null constraint"}
{"level":"error","message":"null value in column \"columnsId\" of relation \"task\" violates not-null constraint"}
{"level":"error","message":"null value in column \"columnsId\" of relation \"task\" violates not-null constraint"}
{"level":"error","message":"null value in column \"columnsId\" of relation \"task\" violates not-null constraint"}
{"level":"error","message":"null value in column \"columnsId\" of relation \"task\" violates not-null constraint"}
{"level":"error","message":"null value in column \"columnsId\" of relation \"task\" violates not-null constraint"}
{"level":"error","message":"null value in column \"columnsId\" of relation \"task\" violates not-null constraint"}
{"level":"error","message":"invalid input syntax for type uuid: \"undefined\""}
{"level":"error","message":"invalid input syntax for type uuid: \"undefined\""}
{"level":"error","message":"ConnectionNotFoundError: Connection \"default\" was not found."}
{"level":"error","message":"ConnectionNotFoundError: Connection \"default\" was not found."}
{"level":"error","message":"ConnectionNotFoundError: Connection \"default\" was not found."}
{"level":"error","message":"ConnectionNotFoundError: Connection \"default\" was not found."}
{"level":"error","message":"null value in column \"columnsId\" of relation \"task\" violates not-null constraint"}
{"level":"error","message":"null value in column \"columnsId\" of relation \"task\" violates not-null constraint"}
{"level":"error","message":"null value in column \"columnsId\" of relation \"task\" violates not-null constraint"}
{"level":"error","message":"null value in column \"columnsId\" of relation \"task\" violates not-null constraint"}
{"level":"error","message":"null value in column \"columnsId\" of relation \"task\" violates not-null constraint"}
{"level":"error","message":"null value in column \"columnsId\" of relation \"task\" violates not-null constraint"}
{"level":"error","message":"null value in column \"columnsId\" of relation \"task\" violates not-null constraint"}
{"level":"error","message":"null value in column \"columnsId\" of relation \"task\" violates not-null constraint"}
{"level":"error","message":"null value in column \"columnsId\" of relation \"task\" violates not-null constraint"}
{"level":"error","message":"null value in column \"columnsId\" of relation \"task\" violates not-null constraint"}
{"level":"error","message":"invalid input syntax for type uuid: \"undefined\""}
{"level":"error","message":"invalid input syntax for type uuid: \"undefined\""}
{"level":"error","message":"ConnectionNotFoundError: Connection \"default\" was not found."}
{"level":"error","message":"null value in column \"columnsId\" of relation \"task\" violates not-null constraint"}
{"level":"error","message":"null value in column \"columnsId\" of relation \"task\" violates not-null constraint"}
{"level":"error","message":"No entity column \"board\" was found."}
{"level":"error","message":"No entity column \"board\" was found."}
{"level":"error","message":"No entity column \"board\" was found."}
{"level":"error","message":"null value in column \"columnsId\" of relation \"task\" violates not-null constraint"}
{"level":"error","message":"null value in column \"columnsId\" of relation \"task\" violates not-null constraint"}
{"level":"error","message":"null value in column \"columnsId\" of relation \"task\" violates not-null constraint"}
{"level":"error","message":"null value in column \"columnsId\" of relation \"task\" violates not-null constraint"}
{"level":"error","message":"null value in column \"columnsId\" of relation \"task\" violates not-null constraint"}
{"level":"error","message":"No entity column \"board\" was found."}
{"level":"error","message":"null value in column \"columnsId\" of relation \"task\" violates not-null constraint"}
{"level":"error","message":"null value in column \"columnsId\" of relation \"task\" violates not-null constraint"}
{"level":"error","message":"null value in column \"columnsId\" of relation \"task\" violates not-null constraint"}
{"level":"error","message":"invalid input syntax for type uuid: \"undefined\""}
{"level":"error","message":"invalid input syntax for type uuid: \"undefined\""}
{"level":"error","message":"No entity column \"board\" was found."}
{"level":"error","message":"ConnectionNotFoundError: Connection \"default\" was not found."}
{"level":"error","message":"Error: connect ECONNREFUSED 127.0.0.1:5432"}
{"level":"error","message":"ConnectionNotFoundError: Connection \"default\" was not found."}
{"level":"error","message":"No entity column \"board\" was found."}
{"level":"error","message":"No entity column \"board\" was found."}
{"level":"error","message":"No entity column \"board\" was found."}
{"level":"error","message":"No entity column \"board\" was found."}
{"level":"error","message":"No entity column \"user\" was found."}
{"level":"error","message":"No entity column \"board\" was found."}
{"level":"error","message":"ConnectionNotFoundError: Connection \"default\" was not found."}
{"level":"error","message":"DataTypeNotSupportedError: Data type \"Object\" in \"Task.columnsId\" is not supported by \"postgres\" database."}
{"level":"error","message":"ConnectionNotFoundError: Connection \"default\" was not found."}
{"level":"error","message":"ConnectionNotFoundError: Connection \"default\" was not found."}
{"level":"error","message":"ConnectionNotFoundError: Connection \"default\" was not found."}
{"level":"error","message":"ConnectionNotFoundError: Connection \"default\" was not found."}
{"level":"error","message":"ConnectionNotFoundError: Connection \"default\" was not found."}
{"level":"error","message":"ConnectionNotFoundError: Connection \"default\" was not found."}
{"level":"error","message":"ConnectionNotFoundError: Connection \"default\" was not found."}
{"level":"error","message":"invalid input syntax for type uuid: \"null\""}
{"level":"error","message":"invalid input syntax for type uuid: \"null\""}
{"level":"error","message":"invalid input syntax for type uuid: \"null\""}
{"level":"error","message":"invalid input syntax for type uuid: \"null\""}
{"level":"error","message":"invalid input syntax for type uuid: \"null\""}
{"level":"error","message":"invalid input syntax for type uuid: \"null\""}
{"level":"error","message":"invalid input syntax for type uuid: \"null\""}
{"level":"error","message":"invalid input syntax for type uuid: \"null\""}
{"level":"error","message":"invalid input syntax for type uuid: \"null\""}
{"level":"error","message":"invalid input syntax for type uuid: \"null\""}
{"level":"error","message":"ConnectionNotFoundError: Connection \"default\" was not found."}
{"level":"error","message":"ConnectionNotFoundError: Connection \"default\" was not found."}
{"level":"error","message":"ConnectionNotFoundError: Connection \"default\" was not found."}
{"level":"error","message":"ConnectionNotFoundError: Connection \"default\" was not found."}
{"level":"error","message":"ConnectionNotFoundError: Connection \"default\" was not found."}
{"level":"error","message":"ConnectionNotFoundError: Connection \"default\" was not found."}
{"level":"error","message":"ConnectionNotFoundError: Connection \"default\" was not found."}
{"level":"error","message":"ConnectionNotFoundError: Connection \"default\" was not found."}
{"level":"error","message":"ConnectionNotFoundError: Connection \"default\" was not found."}
{"level":"error","message":"ConnectionNotFoundError: Connection \"default\" was not found."}
{"level":"error","message":"ConnectionNotFoundError: Connection \"default\" was not found."}
{"level":"error","message":"invalid input syntax for type uuid: \"undefined\""}
{"level":"error","message":"invalid input syntax for type uuid: \"undefined\""}
{"level":"error","message":"invalid input syntax for type uuid: \"undefined\""}
{"level":"error","message":"ConnectionNotFoundError: Connection \"default\" was not found."}
{"level":"error","message":"invalid input syntax for type uuid: \"undefined\""}
{"level":"error","message":"invalid input syntax for type uuid: \"undefined\""}
{"level":"error","message":"invalid input syntax for type uuid: \"undefined\""}
{"level":"error","message":"invalid input syntax for type uuid: \"undefined\""}
{"level":"error","message":"invalid input syntax for type uuid: \"undefined\""}
{"level":"error","message":"ConnectionNotFoundError: Connection \"default\" was not found."}
{"level":"error","message":"ConnectionNotFoundError: Connection \"default\" was not found."}
{"level":"error","message":"ConnectionNotFoundError: Connection \"default\" was not found."}
{"level":"error","message":"ConnectionNotFoundError: Connection \"default\" was not found."}
{"level":"error","message":"ConnectionNotFoundError: Connection \"default\" was not found."}
{"level":"error","message":"ConnectionNotFoundError: Connection \"default\" was not found."}
{"level":"error","message":"ConnectionNotFoundError: Connection \"default\" was not found."}
{"level":"error","message":"ConnectionNotFoundError: Connection \"default\" was not found."}
{"level":"error","message":"invalid input syntax for type uuid: \"undefined\""}
{"level":"error","message":"invalid input syntax for type uuid: \"undefined\""}
{"level":"error","message":"invalid input syntax for type uuid: \"undefined\""}
{"level":"error","message":"invalid input syntax for type uuid: \"undefined\""}
{"level":"error","message":"invalid input syntax for type uuid: \"undefined\""}
{"level":"error","message":"ConnectionNotFoundError: Connection \"default\" was not found."}
{"level":"error","message":"ConnectionNotFoundError: Connection \"default\" was not found."}
{"level":"error","message":"ConnectionNotFoundError: Connection \"default\" was not found."}
{"level":"error","message":"ConnectionNotFoundError: Connection \"default\" was not found."}
{"level":"error","message":"Cannot build query because main alias is not set (call qb#from method)"}
{"level":"error","message":"Cannot build query because main alias is not set (call qb#from method)"}
{"level":"error","message":"Cannot build query because main alias is not set (call qb#from method)"}
{"level":"error","message":"Cannot build query because main alias is not set (call qb#from method)"}
{"level":"error","message":"Cannot build query because main alias is not set (call qb#from method)"}
{"level":"error","message":"Cannot build query because main alias is not set (call qb#from method)"}
{"level":"error","message":"Cannot build query because main alias is not set (call qb#from method)"}
{"level":"error","message":"Cannot build query because main alias is not set (call qb#from method)"}
{"level":"error","message":"Cannot build query because main alias is not set (call qb#from method)"}
{"level":"error","message":"Cannot build query because main alias is not set (call qb#from method)"}
{"level":"error","message":"Cannot build query because main alias is not set (call qb#from method)"}
{"level":"error","message":"Cannot build query because main alias is not set (call qb#from method)"}
{"level":"error","message":"Cannot build query because main alias is not set (call qb#from method)"}
{"level":"error","message":"Cannot build query because main alias is not set (call qb#from method)"}
{"level":"error","message":"Cannot build query because main alias is not set (call qb#from method)"}
{"level":"error","message":"Cannot build query because main alias is not set (call qb#from method)"}
{"level":"error","message":"Cannot build query because main alias is not set (call qb#from method)"}
{"level":"error","message":"Cannot build query because main alias is not set (call qb#from method)"}
{"level":"error","message":"ConnectionNotFoundError: Connection \"default\" was not found."}
{"level":"error","message":"invalid input syntax for type uuid: \"undefined\""}
